{"level":"info","message":"started a http service on localhost: 3000","timestamp":"2018-02-23T12:19:29.816Z"}
{"level":"info","message":"PID is 18404","timestamp":"2018-02-23T12:19:29.817Z"}
{"level":"info","message":"started a http service on localhost: 3000","timestamp":"2018-02-23T12:24:23.502Z"}
{"level":"info","message":"PID is 18348","timestamp":"2018-02-23T12:24:23.502Z"}
{"level":"info","message":"started a http service on localhost: 3000","timestamp":"2018-02-23T12:26:19.101Z"}
{"level":"info","message":"PID is 7892","timestamp":"2018-02-23T12:26:19.101Z"}
{"level":"info","message":"started a http service on localhost: 3000","timestamp":"2018-02-23T12:44:45.940Z"}
{"level":"info","message":"PID is 7492","timestamp":"2018-02-23T12:44:45.940Z"}
{"level":"info","message":"started a http service on localhost: 3000","timestamp":"2018-02-23T12:46:13.104Z"}
{"level":"info","message":"PID is 8312","timestamp":"2018-02-23T12:46:13.105Z"}
{"level":"info","message":"started a http service on localhost: 3000","timestamp":"2018-02-23T12:49:12.933Z"}
{"level":"info","message":"PID is 3456","timestamp":"2018-02-23T12:49:12.933Z"}
{"level":"info","message":"started a http service on localhost: 3000","timestamp":"2018-02-23T12:52:59.282Z"}
{"level":"info","message":"PID is 8840","timestamp":"2018-02-23T12:52:59.284Z"}
{"level":"info","message":"started a http service on localhost: 3000","timestamp":"2018-02-23T13:21:38.630Z"}
{"level":"info","message":"PID is 10352","timestamp":"2018-02-23T13:21:38.630Z"}
{"level":"info","message":"started a http service on localhost: 3000","timestamp":"2018-02-23T13:23:29.539Z"}
{"level":"info","message":"PID is 8768","timestamp":"2018-02-23T13:23:29.540Z"}
{"level":"info","message":"started a http service on localhost: 3000","timestamp":"2018-02-23T13:38:33.412Z"}
{"level":"info","message":"PID is 9160","timestamp":"2018-02-23T13:38:33.413Z"}
{"level":"info","message":"someone tried to access a non existing route :  /api/v1/generator","timestamp":"2018-02-23T13:39:02.189Z"}
{"level":"info","message":"someone tried to access a non existing route :  /favicon.ico","timestamp":"2018-02-23T13:39:02.372Z"}
{"level":"info","message":"someone tried to access a non existing route :  /api/v1/generator/","timestamp":"2018-02-23T13:39:09.158Z"}
{"level":"info","message":"someone tried to access a non existing route :  /ressources/gen/vignettes/examples10_0.jpg","timestamp":"2018-02-23T13:40:15.198Z"}
{"level":"info","message":"someone tried to access a non existing route :  /api/v1/ressources/gen/vignettes/examples10_0.jpg","timestamp":"2018-02-23T13:40:25.776Z"}
{"level":"info","message":"started a http service on localhost: 3000","timestamp":"2018-02-23T13:43:53.277Z"}
{"level":"info","message":"PID is 10688","timestamp":"2018-02-23T13:43:53.278Z"}
{"level":"info","message":"started a http service on localhost: 3000","timestamp":"2018-02-23T13:44:26.425Z"}
{"level":"info","message":"PID is 9368","timestamp":"2018-02-23T13:44:26.426Z"}
{"level":"info","message":"someone tried to access a non existing route :  /vignettes/example10_0.jpg","timestamp":"2018-02-23T13:44:58.222Z"}
{"level":"info","message":"someone tried to access a non existing route :  /vignettes/example10_0.jpg","timestamp":"2018-02-23T13:45:37.961Z"}
{"level":"info","message":"started a http service on localhost: 3000","timestamp":"2018-02-23T13:46:29.278Z"}
{"level":"info","message":"PID is 12768","timestamp":"2018-02-23T13:46:29.278Z"}
{"level":"info","message":"started a http service on localhost: 3000","timestamp":"2018-02-23T14:01:08.817Z"}
{"level":"info","message":"PID is 9572","timestamp":"2018-02-23T14:01:08.818Z"}
{"level":"info","message":"started a http service on localhost: 3000","timestamp":"2018-02-23T14:05:01.128Z"}
{"level":"info","message":"PID is 12860","timestamp":"2018-02-23T14:05:01.128Z"}
{"level":"info","message":"started a http service on localhost: 3000","timestamp":"2018-02-23T14:07:18.002Z"}
{"level":"info","message":"PID is 8008","timestamp":"2018-02-23T14:07:18.003Z"}
{"level":"info","message":"started a http service on localhost: 3000","timestamp":"2018-02-23T14:55:53.995Z"}
{"level":"info","message":"PID is 1184","timestamp":"2018-02-23T14:55:53.996Z"}
{"level":"info","message":"started a http service on localhost: 3000","timestamp":"2018-02-23T15:37:27.716Z"}
{"level":"info","message":"PID is 20096","timestamp":"2018-02-23T15:37:27.717Z"}
{"level":"info","message":"started a http service on localhost: 3000","timestamp":"2018-02-23T16:40:59.875Z"}
{"level":"info","message":"PID is 14988","timestamp":"2018-02-23T16:40:59.877Z"}
{"level":"info","message":"started a http service on localhost: 3000","timestamp":"2018-02-24T08:55:41.080Z"}
{"level":"info","message":"PID is 24080","timestamp":"2018-02-24T08:55:41.080Z"}
{"level":"info","message":"started a http service on localhost: 3000","timestamp":"2018-02-24T09:15:52.741Z"}
{"level":"info","message":"PID is 21868","timestamp":"2018-02-24T09:15:52.742Z"}
{"level":"info","message":"started a http service on localhost: 3000","timestamp":"2018-02-24T09:28:45.259Z"}
{"level":"info","message":"PID is 1536","timestamp":"2018-02-24T09:28:45.259Z"}
{"level":"info","message":"started a http service on localhost: 3000","timestamp":"2018-02-24T10:51:36.144Z"}
{"level":"info","message":"PID is 20248","timestamp":"2018-02-24T10:51:36.144Z"}
{"level":"info","message":"started a http service on localhost: 3000","timestamp":"2018-02-24T12:24:39.200Z"}
{"level":"info","message":"PID is 20212","timestamp":"2018-02-24T12:24:39.201Z"}
{"level":"info","message":"started a http service on localhost: 3000","timestamp":"2018-02-24T12:53:19.437Z"}
{"level":"info","message":"PID is 620","timestamp":"2018-02-24T12:53:19.452Z"}
{"level":"info","message":"started a http service on localhost: 3000","timestamp":"2018-02-24T12:55:23.446Z"}
{"level":"info","message":"PID is 23036","timestamp":"2018-02-24T12:55:23.446Z"}
{"level":"info","message":"started a http service on localhost: 3000","timestamp":"2018-02-24T12:56:38.012Z"}
{"level":"info","message":"PID is 13752","timestamp":"2018-02-24T12:56:38.012Z"}
{"level":"info","message":"started a http service on localhost: 3000","timestamp":"2018-02-24T15:45:32.369Z"}
{"level":"info","message":"PID is 16252","timestamp":"2018-02-24T15:45:32.369Z"}
{"level":"info","message":"started a http service on localhost: 3000","timestamp":"2018-02-24T15:47:10.567Z"}
{"level":"info","message":"PID is 19800","timestamp":"2018-02-24T15:47:10.567Z"}
{"level":"info","message":"started a http service on localhost: 3000","timestamp":"2018-02-24T15:50:25.186Z"}
{"level":"info","message":"PID is 6724","timestamp":"2018-02-24T15:50:25.186Z"}
{"level":"info","message":"started a http service on localhost: 3000","timestamp":"2018-02-24T16:05:22.138Z"}
{"level":"info","message":"PID is 16808","timestamp":"2018-02-24T16:05:22.139Z"}
{"level":"info","message":"started a http service on localhost: 3000","timestamp":"2018-02-24T16:09:56.578Z"}
{"level":"info","message":"PID is 18620","timestamp":"2018-02-24T16:09:56.579Z"}
{"level":"info","message":"started a http service on localhost: 3000","timestamp":"2018-02-24T19:05:42.703Z"}
{"level":"info","message":"PID is 24532","timestamp":"2018-02-24T19:05:42.704Z"}
{"level":"info","message":"started a http service on localhost: 3000","timestamp":"2018-02-24T19:12:12.924Z"}
{"level":"info","message":"PID is 29012","timestamp":"2018-02-24T19:12:12.925Z"}
{"level":"info","message":"started a http service on localhost: 3000","timestamp":"2018-02-24T19:13:34.945Z"}
{"level":"info","message":"PID is 7148","timestamp":"2018-02-24T19:13:34.946Z"}
{"level":"info","message":"started a http service on localhost: 3000","timestamp":"2018-02-24T19:19:54.523Z"}
{"level":"info","message":"PID is 15720","timestamp":"2018-02-24T19:19:54.524Z"}
{"level":"info","message":"started a http service on localhost: 3000","timestamp":"2018-02-24T19:51:48.235Z"}
{"level":"info","message":"PID is 12660","timestamp":"2018-02-24T19:51:48.236Z"}
{"level":"info","message":"started a http service on localhost: 3000","timestamp":"2018-02-25T08:54:56.177Z"}
{"level":"info","message":"PID is 13792","timestamp":"2018-02-25T08:54:56.178Z"}
{"level":"info","message":"started a http service on localhost: 3000","timestamp":"2018-02-25T08:56:07.631Z"}
{"level":"info","message":"PID is 14848","timestamp":"2018-02-25T08:56:07.632Z"}
